<?xml version="1.0" encoding="UTF-8"?>
<testsuite xmlns:xsi="http://www.w3.org/2001/XMLSchema-instance" xsi:noNamespaceSchemaLocation="https://maven.apache.org/surefire/maven-surefire-plugin/xsd/surefire-test-report.xsd" name="com.nnk.springboot.services.RuleNameServiceTest" time="0.078" tests="6" errors="0" skipped="0" failures="0">
  <properties>
    <property name="java.specification.version" value="17"/>
    <property name="sun.cpu.isalist" value="amd64"/>
    <property name="sun.jnu.encoding" value="Cp1252"/>
    <property name="java.class.path" value="D:\DevInformatique\_OpenClasseRoom_DeveloppeurApllicationJava\P7_aulombard_geoffrey\Poseidon\target\test-classes;D:\DevInformatique\_OpenClasseRoom_DeveloppeurApllicationJava\P7_aulombard_geoffrey\Poseidon\target\classes;D:\DevInformatique\environnement\maven\repository\org\springframework\boot\spring-boot-starter-oauth2-client\2.4.5\spring-boot-starter-oauth2-client-2.4.5.jar;D:\DevInformatique\environnement\maven\repository\org\springframework\boot\spring-boot-starter\2.4.5\spring-boot-starter-2.4.5.jar;D:\DevInformatique\environnement\maven\repository\org\springframework\boot\spring-boot-starter-logging\2.4.5\spring-boot-starter-logging-2.4.5.jar;D:\DevInformatique\environnement\maven\repository\ch\qos\logback\logback-classic\1.2.3\logback-classic-1.2.3.jar;D:\DevInformatique\environnement\maven\repository\ch\qos\logback\logback-core\1.2.3\logback-core-1.2.3.jar;D:\DevInformatique\environnement\maven\repository\org\apache\logging\log4j\log4j-to-slf4j\2.13.3\log4j-to-slf4j-2.13.3.jar;D:\DevInformatique\environnement\maven\repository\org\apache\logging\log4j\log4j-api\2.13.3\log4j-api-2.13.3.jar;D:\DevInformatique\environnement\maven\repository\org\slf4j\jul-to-slf4j\1.7.30\jul-to-slf4j-1.7.30.jar;D:\DevInformatique\environnement\maven\repository\jakarta\annotation\jakarta.annotation-api\1.3.5\jakarta.annotation-api-1.3.5.jar;D:\DevInformatique\environnement\maven\repository\org\yaml\snakeyaml\1.27\snakeyaml-1.27.jar;D:\DevInformatique\environnement\maven\repository\com\sun\mail\jakarta.mail\1.6.7\jakarta.mail-1.6.7.jar;D:\DevInformatique\environnement\maven\repository\com\sun\activation\jakarta.activation\1.2.2\jakarta.activation-1.2.2.jar;D:\DevInformatique\environnement\maven\repository\org\springframework\security\spring-security-config\5.4.6\spring-security-config-5.4.6.jar;D:\DevInformatique\environnement\maven\repository\org\springframework\spring-beans\5.3.6\spring-beans-5.3.6.jar;D:\DevInformatique\environnement\maven\repository\org\springframework\spring-context\5.3.6\spring-context-5.3.6.jar;D:\DevInformatique\environnement\maven\repository\org\springframework\security\spring-security-core\5.4.6\spring-security-core-5.4.6.jar;D:\DevInformatique\environnement\maven\repository\org\springframework\spring-expression\5.3.6\spring-expression-5.3.6.jar;D:\DevInformatique\environnement\maven\repository\org\springframework\security\spring-security-oauth2-client\5.4.6\spring-security-oauth2-client-5.4.6.jar;D:\DevInformatique\environnement\maven\repository\com\nimbusds\oauth2-oidc-sdk\8.36.1\oauth2-oidc-sdk-8.36.1.jar;D:\DevInformatique\environnement\maven\repository\com\github\stephenc\jcip\jcip-annotations\1.0-1\jcip-annotations-1.0-1.jar;D:\DevInformatique\environnement\maven\repository\com\nimbusds\content-type\2.1\content-type-2.1.jar;D:\DevInformatique\environnement\maven\repository\com\nimbusds\lang-tag\1.4.4\lang-tag-1.4.4.jar;D:\DevInformatique\environnement\maven\repository\org\springframework\security\spring-security-oauth2-core\5.4.6\spring-security-oauth2-core-5.4.6.jar;D:\DevInformatique\environnement\maven\repository\org\springframework\security\spring-security-oauth2-jose\5.4.6\spring-security-oauth2-jose-5.4.6.jar;D:\DevInformatique\environnement\maven\repository\com\nimbusds\nimbus-jose-jwt\8.20.2\nimbus-jose-jwt-8.20.2.jar;D:\DevInformatique\environnement\maven\repository\org\springframework\boot\spring-boot-starter-security\2.4.5\spring-boot-starter-security-2.4.5.jar;D:\DevInformatique\environnement\maven\repository\org\springframework\spring-aop\5.3.6\spring-aop-5.3.6.jar;D:\DevInformatique\environnement\maven\repository\org\springframework\security\spring-security-web\5.4.6\spring-security-web-5.4.6.jar;D:\DevInformatique\environnement\maven\repository\org\springframework\boot\spring-boot-starter-actuator\2.4.5\spring-boot-starter-actuator-2.4.5.jar;D:\DevInformatique\environnement\maven\repository\org\springframework\boot\spring-boot-actuator-autoconfigure\2.4.5\spring-boot-actuator-autoconfigure-2.4.5.jar;D:\DevInformatique\environnement\maven\repository\org\springframework\boot\spring-boot-actuator\2.4.5\spring-boot-actuator-2.4.5.jar;D:\DevInformatique\environnement\maven\repository\com\fasterxml\jackson\core\jackson-databind\2.11.4\jackson-databind-2.11.4.jar;D:\DevInformatique\environnement\maven\repository\com\fasterxml\jackson\core\jackson-annotations\2.11.4\jackson-annotations-2.11.4.jar;D:\DevInformatique\environnement\maven\repository\com\fasterxml\jackson\core\jackson-core\2.11.4\jackson-core-2.11.4.jar;D:\DevInformatique\environnement\maven\repository\com\fasterxml\jackson\datatype\jackson-datatype-jsr310\2.11.4\jackson-datatype-jsr310-2.11.4.jar;D:\DevInformatique\environnement\maven\repository\io\micrometer\micrometer-core\1.6.6\micrometer-core-1.6.6.jar;D:\DevInformatique\environnement\maven\repository\org\hdrhistogram\HdrHistogram\2.1.12\HdrHistogram-2.1.12.jar;D:\DevInformatique\environnement\maven\repository\org\latencyutils\LatencyUtils\2.0.3\LatencyUtils-2.0.3.jar;D:\DevInformatique\environnement\maven\repository\org\springframework\boot\spring-boot-starter-test\2.4.5\spring-boot-starter-test-2.4.5.jar;D:\DevInformatique\environnement\maven\repository\org\springframework\boot\spring-boot-test\2.4.5\spring-boot-test-2.4.5.jar;D:\DevInformatique\environnement\maven\repository\org\springframework\boot\spring-boot-test-autoconfigure\2.4.5\spring-boot-test-autoconfigure-2.4.5.jar;D:\DevInformatique\environnement\maven\repository\com\jayway\jsonpath\json-path\2.4.0\json-path-2.4.0.jar;D:\DevInformatique\environnement\maven\repository\net\minidev\json-smart\2.3\json-smart-2.3.jar;D:\DevInformatique\environnement\maven\repository\net\minidev\accessors-smart\1.2\accessors-smart-1.2.jar;D:\DevInformatique\environnement\maven\repository\jakarta\xml\bind\jakarta.xml.bind-api\2.3.3\jakarta.xml.bind-api-2.3.3.jar;D:\DevInformatique\environnement\maven\repository\jakarta\activation\jakarta.activation-api\1.2.2\jakarta.activation-api-1.2.2.jar;D:\DevInformatique\environnement\maven\repository\org\assertj\assertj-core\3.18.1\assertj-core-3.18.1.jar;D:\DevInformatique\environnement\maven\repository\org\hamcrest\hamcrest\2.2\hamcrest-2.2.jar;D:\DevInformatique\environnement\maven\repository\org\junit\jupiter\junit-jupiter\5.7.1\junit-jupiter-5.7.1.jar;D:\DevInformatique\environnement\maven\repository\org\junit\jupiter\junit-jupiter-api\5.7.1\junit-jupiter-api-5.7.1.jar;D:\DevInformatique\environnement\maven\repository\org\apiguardian\apiguardian-api\1.1.0\apiguardian-api-1.1.0.jar;D:\DevInformatique\environnement\maven\repository\org\opentest4j\opentest4j\1.2.0\opentest4j-1.2.0.jar;D:\DevInformatique\environnement\maven\repository\org\junit\platform\junit-platform-commons\1.7.1\junit-platform-commons-1.7.1.jar;D:\DevInformatique\environnement\maven\repository\org\junit\jupiter\junit-jupiter-params\5.7.1\junit-jupiter-params-5.7.1.jar;D:\DevInformatique\environnement\maven\repository\org\junit\jupiter\junit-jupiter-engine\5.7.1\junit-jupiter-engine-5.7.1.jar;D:\DevInformatique\environnement\maven\repository\org\junit\platform\junit-platform-engine\1.7.1\junit-platform-engine-1.7.1.jar;D:\DevInformatique\environnement\maven\repository\org\mockito\mockito-core\3.6.28\mockito-core-3.6.28.jar;D:\DevInformatique\environnement\maven\repository\net\bytebuddy\byte-buddy\1.10.22\byte-buddy-1.10.22.jar;D:\DevInformatique\environnement\maven\repository\net\bytebuddy\byte-buddy-agent\1.10.22\byte-buddy-agent-1.10.22.jar;D:\DevInformatique\environnement\maven\repository\org\objenesis\objenesis\3.1\objenesis-3.1.jar;D:\DevInformatique\environnement\maven\repository\org\mockito\mockito-junit-jupiter\3.6.28\mockito-junit-jupiter-3.6.28.jar;D:\DevInformatique\environnement\maven\repository\org\skyscreamer\jsonassert\1.5.0\jsonassert-1.5.0.jar;D:\DevInformatique\environnement\maven\repository\com\vaadin\external\google\android-json\0.0.20131108.vaadin1\android-json-0.0.20131108.vaadin1.jar;D:\DevInformatique\environnement\maven\repository\org\springframework\spring-core\5.3.6\spring-core-5.3.6.jar;D:\DevInformatique\environnement\maven\repository\org\springframework\spring-jcl\5.3.6\spring-jcl-5.3.6.jar;D:\DevInformatique\environnement\maven\repository\org\springframework\spring-test\5.3.6\spring-test-5.3.6.jar;D:\DevInformatique\environnement\maven\repository\org\xmlunit\xmlunit-core\2.7.0\xmlunit-core-2.7.0.jar;D:\DevInformatique\environnement\maven\repository\org\springframework\boot\spring-boot-starter-data-jpa\2.4.5\spring-boot-starter-data-jpa-2.4.5.jar;D:\DevInformatique\environnement\maven\repository\org\springframework\boot\spring-boot-starter-aop\2.4.5\spring-boot-starter-aop-2.4.5.jar;D:\DevInformatique\environnement\maven\repository\org\aspectj\aspectjweaver\1.9.6\aspectjweaver-1.9.6.jar;D:\DevInformatique\environnement\maven\repository\org\springframework\boot\spring-boot-starter-jdbc\2.4.5\spring-boot-starter-jdbc-2.4.5.jar;D:\DevInformatique\environnement\maven\repository\com\zaxxer\HikariCP\3.4.5\HikariCP-3.4.5.jar;D:\DevInformatique\environnement\maven\repository\org\springframework\spring-jdbc\5.3.6\spring-jdbc-5.3.6.jar;D:\DevInformatique\environnement\maven\repository\jakarta\transaction\jakarta.transaction-api\1.3.3\jakarta.transaction-api-1.3.3.jar;D:\DevInformatique\environnement\maven\repository\jakarta\persistence\jakarta.persistence-api\2.2.3\jakarta.persistence-api-2.2.3.jar;D:\DevInformatique\environnement\maven\repository\org\hibernate\hibernate-core\5.4.30.Final\hibernate-core-5.4.30.Final.jar;D:\DevInformatique\environnement\maven\repository\org\jboss\logging\jboss-logging\3.4.1.Final\jboss-logging-3.4.1.Final.jar;D:\DevInformatique\environnement\maven\repository\org\javassist\javassist\3.27.0-GA\javassist-3.27.0-GA.jar;D:\DevInformatique\environnement\maven\repository\antlr\antlr\2.7.7\antlr-2.7.7.jar;D:\DevInformatique\environnement\maven\repository\org\jboss\jandex\2.2.3.Final\jandex-2.2.3.Final.jar;D:\DevInformatique\environnement\maven\repository\com\fasterxml\classmate\1.5.1\classmate-1.5.1.jar;D:\DevInformatique\environnement\maven\repository\org\dom4j\dom4j\2.1.3\dom4j-2.1.3.jar;D:\DevInformatique\environnement\maven\repository\org\hibernate\common\hibernate-commons-annotations\5.1.2.Final\hibernate-commons-annotations-5.1.2.Final.jar;D:\DevInformatique\environnement\maven\repository\org\glassfish\jaxb\jaxb-runtime\2.3.4\jaxb-runtime-2.3.4.jar;D:\DevInformatique\environnement\maven\repository\org\glassfish\jaxb\txw2\2.3.4\txw2-2.3.4.jar;D:\DevInformatique\environnement\maven\repository\com\sun\istack\istack-commons-runtime\3.0.12\istack-commons-runtime-3.0.12.jar;D:\DevInformatique\environnement\maven\repository\org\springframework\data\spring-data-jpa\2.4.8\spring-data-jpa-2.4.8.jar;D:\DevInformatique\environnement\maven\repository\org\springframework\data\spring-data-commons\2.4.8\spring-data-commons-2.4.8.jar;D:\DevInformatique\environnement\maven\repository\org\springframework\spring-orm\5.3.6\spring-orm-5.3.6.jar;D:\DevInformatique\environnement\maven\repository\org\springframework\spring-tx\5.3.6\spring-tx-5.3.6.jar;D:\DevInformatique\environnement\maven\repository\org\springframework\spring-aspects\5.3.6\spring-aspects-5.3.6.jar;D:\DevInformatique\environnement\maven\repository\org\springframework\boot\spring-boot-starter-web\2.4.5\spring-boot-starter-web-2.4.5.jar;D:\DevInformatique\environnement\maven\repository\org\springframework\boot\spring-boot-starter-json\2.4.5\spring-boot-starter-json-2.4.5.jar;D:\DevInformatique\environnement\maven\repository\com\fasterxml\jackson\datatype\jackson-datatype-jdk8\2.11.4\jackson-datatype-jdk8-2.11.4.jar;D:\DevInformatique\environnement\maven\repository\com\fasterxml\jackson\module\jackson-module-parameter-names\2.11.4\jackson-module-parameter-names-2.11.4.jar;D:\DevInformatique\environnement\maven\repository\org\springframework\boot\spring-boot-starter-tomcat\2.4.5\spring-boot-starter-tomcat-2.4.5.jar;D:\DevInformatique\environnement\maven\repository\org\apache\tomcat\embed\tomcat-embed-core\9.0.45\tomcat-embed-core-9.0.45.jar;D:\DevInformatique\environnement\maven\repository\org\apache\tomcat\embed\tomcat-embed-websocket\9.0.45\tomcat-embed-websocket-9.0.45.jar;D:\DevInformatique\environnement\maven\repository\org\springframework\spring-web\5.3.6\spring-web-5.3.6.jar;D:\DevInformatique\environnement\maven\repository\org\springframework\spring-webmvc\5.3.6\spring-webmvc-5.3.6.jar;D:\DevInformatique\environnement\maven\repository\org\springframework\boot\spring-boot-starter-thymeleaf\2.4.5\spring-boot-starter-thymeleaf-2.4.5.jar;D:\DevInformatique\environnement\maven\repository\org\thymeleaf\thymeleaf-spring5\3.0.12.RELEASE\thymeleaf-spring5-3.0.12.RELEASE.jar;D:\DevInformatique\environnement\maven\repository\org\thymeleaf\thymeleaf\3.0.12.RELEASE\thymeleaf-3.0.12.RELEASE.jar;D:\DevInformatique\environnement\maven\repository\org\attoparser\attoparser\2.0.5.RELEASE\attoparser-2.0.5.RELEASE.jar;D:\DevInformatique\environnement\maven\repository\org\unbescape\unbescape\1.1.6.RELEASE\unbescape-1.1.6.RELEASE.jar;D:\DevInformatique\environnement\maven\repository\org\thymeleaf\extras\thymeleaf-extras-java8time\3.0.4.RELEASE\thymeleaf-extras-java8time-3.0.4.RELEASE.jar;D:\DevInformatique\environnement\maven\repository\org\thymeleaf\extras\thymeleaf-extras-springsecurity5\3.0.4.RELEASE\thymeleaf-extras-springsecurity5-3.0.4.RELEASE.jar;D:\DevInformatique\environnement\maven\repository\org\slf4j\slf4j-api\1.7.30\slf4j-api-1.7.30.jar;D:\DevInformatique\environnement\maven\repository\org\springframework\boot\spring-boot-devtools\2.4.5\spring-boot-devtools-2.4.5.jar;D:\DevInformatique\environnement\maven\repository\org\springframework\boot\spring-boot\2.4.5\spring-boot-2.4.5.jar;D:\DevInformatique\environnement\maven\repository\org\springframework\boot\spring-boot-autoconfigure\2.4.5\spring-boot-autoconfigure-2.4.5.jar;D:\DevInformatique\environnement\maven\repository\org\springframework\boot\spring-boot-starter-validation\2.4.5\spring-boot-starter-validation-2.4.5.jar;D:\DevInformatique\environnement\maven\repository\org\glassfish\jakarta.el\3.0.3\jakarta.el-3.0.3.jar;D:\DevInformatique\environnement\maven\repository\org\hibernate\validator\hibernate-validator\6.1.7.Final\hibernate-validator-6.1.7.Final.jar;D:\DevInformatique\environnement\maven\repository\jakarta\validation\jakarta.validation-api\2.0.2\jakarta.validation-api-2.0.2.jar;D:\DevInformatique\environnement\maven\repository\mysql\mysql-connector-java\8.0.23\mysql-connector-java-8.0.23.jar;D:\DevInformatique\environnement\maven\repository\com\h2database\h2\1.4.200\h2-1.4.200.jar;D:\DevInformatique\environnement\maven\repository\org\projectlombok\lombok\1.18.20\lombok-1.18.20.jar;D:\DevInformatique\environnement\maven\repository\junit\junit\4.13.2\junit-4.13.2.jar;D:\DevInformatique\environnement\maven\repository\org\hamcrest\hamcrest-core\2.2\hamcrest-core-2.2.jar;D:\DevInformatique\environnement\maven\repository\org\apache\maven\reporting\maven-reporting-api\3.0\maven-reporting-api-3.0.jar;D:\DevInformatique\environnement\maven\repository\org\apache\maven\doxia\doxia-sink-api\1.0\doxia-sink-api-1.0.jar;D:\DevInformatique\environnement\maven\repository\org\apache\maven\plugins\maven-site-plugin\3.9.1\maven-site-plugin-3.9.1.jar;D:\DevInformatique\environnement\maven\repository\org\apache\maven\reporting\maven-reporting-exec\1.5.1\maven-reporting-exec-1.5.1.jar;D:\DevInformatique\environnement\maven\repository\org\sonatype\aether\aether-util\1.7\aether-util-1.7.jar;D:\DevInformatique\environnement\maven\repository\org\eclipse\aether\aether-util\0.9.0.M2\aether-util-0.9.0.M2.jar;D:\DevInformatique\environnement\maven\repository\org\apache\maven\shared\maven-shared-utils\3.1.0\maven-shared-utils-3.1.0.jar;D:\DevInformatique\environnement\maven\repository\org\apache\maven\maven-artifact\3.0.5\maven-artifact-3.0.5.jar;D:\DevInformatique\environnement\maven\repository\org\apache\maven\maven-core\3.0.5\maven-core-3.0.5.jar;D:\DevInformatique\environnement\maven\repository\org\apache\maven\maven-repository-metadata\3.0.5\maven-repository-metadata-3.0.5.jar;D:\DevInformatique\environnement\maven\repository\org\apache\maven\maven-model-builder\3.0.5\maven-model-builder-3.0.5.jar;D:\DevInformatique\environnement\maven\repository\org\apache\maven\maven-aether-provider\3.0.5\maven-aether-provider-3.0.5.jar;D:\DevInformatique\environnement\maven\repository\org\sonatype\aether\aether-spi\1.13.1\aether-spi-1.13.1.jar;D:\DevInformatique\environnement\maven\repository\org\sonatype\aether\aether-impl\1.13.1\aether-impl-1.13.1.jar;D:\DevInformatique\environnement\maven\repository\org\sonatype\aether\aether-api\1.13.1\aether-api-1.13.1.jar;D:\DevInformatique\environnement\maven\repository\org\codehaus\plexus\plexus-classworlds\2.4\plexus-classworlds-2.4.jar;D:\DevInformatique\environnement\maven\repository\org\sonatype\plexus\plexus-sec-dispatcher\1.3\plexus-sec-dispatcher-1.3.jar;D:\DevInformatique\environnement\maven\repository\org\sonatype\plexus\plexus-cipher\1.4\plexus-cipher-1.4.jar;D:\DevInformatique\environnement\maven\repository\org\apache\maven\maven-model\3.0.5\maven-model-3.0.5.jar;D:\DevInformatique\environnement\maven\repository\org\apache\maven\maven-plugin-api\3.0.5\maven-plugin-api-3.0.5.jar;D:\DevInformatique\environnement\maven\repository\org\apache\maven\maven-settings\3.0.5\maven-settings-3.0.5.jar;D:\DevInformatique\environnement\maven\repository\org\apache\maven\maven-settings-builder\3.0.5\maven-settings-builder-3.0.5.jar;D:\DevInformatique\environnement\maven\repository\org\apache\maven\maven-archiver\3.5.0\maven-archiver-3.5.0.jar;D:\DevInformatique\environnement\maven\repository\org\sonatype\sisu\sisu-inject-plexus\1.4.2\sisu-inject-plexus-1.4.2.jar;D:\DevInformatique\environnement\maven\repository\org\sonatype\sisu\sisu-inject-bean\1.4.2\sisu-inject-bean-1.4.2.jar;D:\DevInformatique\environnement\maven\repository\org\sonatype\sisu\sisu-guice\2.1.7\sisu-guice-2.1.7-noaop.jar;D:\DevInformatique\environnement\maven\repository\org\codehaus\plexus\plexus-archiver\4.2.1\plexus-archiver-4.2.1.jar;D:\DevInformatique\environnement\maven\repository\org\apache\commons\commons-compress\1.19\commons-compress-1.19.jar;D:\DevInformatique\environnement\maven\repository\org\iq80\snappy\snappy\0.4\snappy-0.4.jar;D:\DevInformatique\environnement\maven\repository\org\tukaani\xz\1.8\xz-1.8.jar;D:\DevInformatique\environnement\maven\repository\org\codehaus\plexus\plexus-i18n\1.0-beta-10\plexus-i18n-1.0-beta-10.jar;D:\DevInformatique\environnement\maven\repository\org\codehaus\plexus\plexus-utils\3.3.0\plexus-utils-3.3.0.jar;D:\DevInformatique\environnement\maven\repository\org\apache\maven\doxia\doxia-core\1.9.1\doxia-core-1.9.1.jar;D:\DevInformatique\environnement\maven\repository\org\apache\httpcomponents\httpclient\4.5.13\httpclient-4.5.13.jar;D:\DevInformatique\environnement\maven\repository\org\apache\httpcomponents\httpcore\4.4.14\httpcore-4.4.14.jar;D:\DevInformatique\environnement\maven\repository\org\apache\maven\doxia\doxia-module-xhtml\1.9.1\doxia-module-xhtml-1.9.1.jar;D:\DevInformatique\environnement\maven\repository\org\apache\maven\doxia\doxia-module-xhtml5\1.9.1\doxia-module-xhtml5-1.9.1.jar;D:\DevInformatique\environnement\maven\repository\org\apache\maven\doxia\doxia-module-apt\1.9.1\doxia-module-apt-1.9.1.jar;D:\DevInformatique\environnement\maven\repository\org\apache\maven\doxia\doxia-module-xdoc\1.9.1\doxia-module-xdoc-1.9.1.jar;D:\DevInformatique\environnement\maven\repository\org\apache\maven\doxia\doxia-module-fml\1.9.1\doxia-module-fml-1.9.1.jar;D:\DevInformatique\environnement\maven\repository\org\apache\maven\doxia\doxia-module-markdown\1.9.1\doxia-module-markdown-1.9.1.jar;D:\DevInformatique\environnement\maven\repository\com\vladsch\flexmark\flexmark-all\0.42.14\flexmark-all-0.42.14.jar;D:\DevInformatique\environnement\maven\repository\com\vladsch\flexmark\flexmark\0.42.14\flexmark-0.42.14.jar;D:\DevInformatique\environnement\maven\repository\com\vladsch\flexmark\flexmark-ext-abbreviation\0.42.14\flexmark-ext-abbreviation-0.42.14.jar;D:\DevInformatique\environnement\maven\repository\com\vladsch\flexmark\flexmark-ext-admonition\0.42.14\flexmark-ext-admonition-0.42.14.jar;D:\DevInformatique\environnement\maven\repository\com\vladsch\flexmark\flexmark-ext-anchorlink\0.42.14\flexmark-ext-anchorlink-0.42.14.jar;D:\DevInformatique\environnement\maven\repository\com\vladsch\flexmark\flexmark-ext-aside\0.42.14\flexmark-ext-aside-0.42.14.jar;D:\DevInformatique\environnement\maven\repository\com\vladsch\flexmark\flexmark-ext-attributes\0.42.14\flexmark-ext-attributes-0.42.14.jar;D:\DevInformatique\environnement\maven\repository\com\vladsch\flexmark\flexmark-ext-autolink\0.42.14\flexmark-ext-autolink-0.42.14.jar;D:\DevInformatique\environnement\maven\repository\org\nibor\autolink\autolink\0.6.0\autolink-0.6.0.jar;D:\DevInformatique\environnement\maven\repository\com\vladsch\flexmark\flexmark-ext-definition\0.42.14\flexmark-ext-definition-0.42.14.jar;D:\DevInformatique\environnement\maven\repository\com\vladsch\flexmark\flexmark-ext-emoji\0.42.14\flexmark-ext-emoji-0.42.14.jar;D:\DevInformatique\environnement\maven\repository\com\vladsch\flexmark\flexmark-ext-enumerated-reference\0.42.14\flexmark-ext-enumerated-reference-0.42.14.jar;D:\DevInformatique\environnement\maven\repository\com\vladsch\flexmark\flexmark-ext-escaped-character\0.42.14\flexmark-ext-escaped-character-0.42.14.jar;D:\DevInformatique\environnement\maven\repository\com\vladsch\flexmark\flexmark-ext-footnotes\0.42.14\flexmark-ext-footnotes-0.42.14.jar;D:\DevInformatique\environnement\maven\repository\com\vladsch\flexmark\flexmark-ext-gfm-issues\0.42.14\flexmark-ext-gfm-issues-0.42.14.jar;D:\DevInformatique\environnement\maven\repository\com\vladsch\flexmark\flexmark-ext-gfm-strikethrough\0.42.14\flexmark-ext-gfm-strikethrough-0.42.14.jar;D:\DevInformatique\environnement\maven\repository\com\vladsch\flexmark\flexmark-ext-gfm-tables\0.42.14\flexmark-ext-gfm-tables-0.42.14.jar;D:\DevInformatique\environnement\maven\repository\com\vladsch\flexmark\flexmark-ext-gfm-tasklist\0.42.14\flexmark-ext-gfm-tasklist-0.42.14.jar;D:\DevInformatique\environnement\maven\repository\com\vladsch\flexmark\flexmark-ext-gfm-users\0.42.14\flexmark-ext-gfm-users-0.42.14.jar;D:\DevInformatique\environnement\maven\repository\com\vladsch\flexmark\flexmark-ext-gitlab\0.42.14\flexmark-ext-gitlab-0.42.14.jar;D:\DevInformatique\environnement\maven\repository\com\vladsch\flexmark\flexmark-ext-jekyll-front-matter\0.42.14\flexmark-ext-jekyll-front-matter-0.42.14.jar;D:\DevInformatique\environnement\maven\repository\com\vladsch\flexmark\flexmark-ext-jekyll-tag\0.42.14\flexmark-ext-jekyll-tag-0.42.14.jar;D:\DevInformatique\environnement\maven\repository\com\vladsch\flexmark\flexmark-ext-media-tags\0.42.14\flexmark-ext-media-tags-0.42.14.jar;D:\DevInformatique\environnement\maven\repository\com\vladsch\flexmark\flexmark-ext-macros\0.42.14\flexmark-ext-macros-0.42.14.jar;D:\DevInformatique\environnement\maven\repository\com\vladsch\flexmark\flexmark-ext-ins\0.42.14\flexmark-ext-ins-0.42.14.jar;D:\DevInformatique\environnement\maven\repository\com\vladsch\flexmark\flexmark-ext-xwiki-macros\0.42.14\flexmark-ext-xwiki-macros-0.42.14.jar;D:\DevInformatique\environnement\maven\repository\com\vladsch\flexmark\flexmark-ext-superscript\0.42.14\flexmark-ext-superscript-0.42.14.jar;D:\DevInformatique\environnement\maven\repository\com\vladsch\flexmark\flexmark-ext-tables\0.42.14\flexmark-ext-tables-0.42.14.jar;D:\DevInformatique\environnement\maven\repository\com\vladsch\flexmark\flexmark-ext-toc\0.42.14\flexmark-ext-toc-0.42.14.jar;D:\DevInformatique\environnement\maven\repository\com\vladsch\flexmark\flexmark-ext-typographic\0.42.14\flexmark-ext-typographic-0.42.14.jar;D:\DevInformatique\environnement\maven\repository\com\vladsch\flexmark\flexmark-ext-wikilink\0.42.14\flexmark-ext-wikilink-0.42.14.jar;D:\DevInformatique\environnement\maven\repository\com\vladsch\flexmark\flexmark-ext-yaml-front-matter\0.42.14\flexmark-ext-yaml-front-matter-0.42.14.jar;D:\DevInformatique\environnement\maven\repository\com\vladsch\flexmark\flexmark-ext-youtube-embedded\0.42.14\flexmark-ext-youtube-embedded-0.42.14.jar;D:\DevInformatique\environnement\maven\repository\com\vladsch\flexmark\flexmark-formatter\0.42.14\flexmark-formatter-0.42.14.jar;D:\DevInformatique\environnement\maven\repository\com\vladsch\flexmark\flexmark-html-parser\0.42.14\flexmark-html-parser-0.42.14.jar;D:\DevInformatique\environnement\maven\repository\org\jsoup\jsoup\1.10.2\jsoup-1.10.2.jar;D:\DevInformatique\environnement\maven\repository\com\vladsch\flexmark\flexmark-jira-converter\0.42.14\flexmark-jira-converter-0.42.14.jar;D:\DevInformatique\environnement\maven\repository\com\vladsch\flexmark\flexmark-profile-pegdown\0.42.14\flexmark-profile-pegdown-0.42.14.jar;D:\DevInformatique\environnement\maven\repository\com\vladsch\flexmark\flexmark-util\0.42.14\flexmark-util-0.42.14.jar;D:\DevInformatique\environnement\maven\repository\com\vladsch\flexmark\flexmark-youtrack-converter\0.42.14\flexmark-youtrack-converter-0.42.14.jar;D:\DevInformatique\environnement\maven\repository\org\apache\maven\doxia\doxia-module-confluence\1.9.1\doxia-module-confluence-1.9.1.jar;D:\DevInformatique\environnement\maven\repository\org\apache\maven\doxia\doxia-module-docbook-simple\1.9.1\doxia-module-docbook-simple-1.9.1.jar;D:\DevInformatique\environnement\maven\repository\org\apache\maven\doxia\doxia-module-twiki\1.9.1\doxia-module-twiki-1.9.1.jar;D:\DevInformatique\environnement\maven\repository\org\apache\maven\doxia\doxia-decoration-model\1.9.2\doxia-decoration-model-1.9.2.jar;D:\DevInformatique\environnement\maven\repository\org\apache\maven\doxia\doxia-integration-tools\1.9.2\doxia-integration-tools-1.9.2.jar;D:\DevInformatique\environnement\maven\repository\org\apache\maven\wagon\wagon-provider-api\3.3.1\wagon-provider-api-3.3.1.jar;D:\DevInformatique\environnement\maven\repository\org\eclipse\jetty\jetty-server\9.4.39.v20210325\jetty-server-9.4.39.v20210325.jar;D:\DevInformatique\environnement\maven\repository\javax\servlet\javax.servlet-api\4.0.1\javax.servlet-api-4.0.1.jar;D:\DevInformatique\environnement\maven\repository\org\eclipse\jetty\jetty-http\9.4.39.v20210325\jetty-http-9.4.39.v20210325.jar;D:\DevInformatique\environnement\maven\repository\org\eclipse\jetty\jetty-io\9.4.39.v20210325\jetty-io-9.4.39.v20210325.jar;D:\DevInformatique\environnement\maven\repository\org\eclipse\jetty\jetty-servlet\9.4.39.v20210325\jetty-servlet-9.4.39.v20210325.jar;D:\DevInformatique\environnement\maven\repository\org\eclipse\jetty\jetty-security\9.4.39.v20210325\jetty-security-9.4.39.v20210325.jar;D:\DevInformatique\environnement\maven\repository\org\eclipse\jetty\jetty-util-ajax\9.4.39.v20210325\jetty-util-ajax-9.4.39.v20210325.jar;D:\DevInformatique\environnement\maven\repository\org\eclipse\jetty\jetty-webapp\9.4.39.v20210325\jetty-webapp-9.4.39.v20210325.jar;D:\DevInformatique\environnement\maven\repository\org\eclipse\jetty\jetty-xml\9.4.39.v20210325\jetty-xml-9.4.39.v20210325.jar;D:\DevInformatique\environnement\maven\repository\org\eclipse\jetty\jetty-util\9.4.39.v20210325\jetty-util-9.4.39.v20210325.jar;D:\DevInformatique\environnement\maven\repository\org\apache\commons\commons-lang3\3.11\commons-lang3-3.11.jar;D:\DevInformatique\environnement\maven\repository\commons-io\commons-io\2.6\commons-io-2.6.jar;D:\DevInformatique\environnement\maven\repository\org\apache\maven\maven-project\2.2.1\maven-project-2.2.1.jar;D:\DevInformatique\environnement\maven\repository\org\apache\maven\maven-profile\2.2.1\maven-profile-2.2.1.jar;D:\DevInformatique\environnement\maven\repository\org\apache\maven\maven-artifact-manager\2.2.1\maven-artifact-manager-2.2.1.jar;D:\DevInformatique\environnement\maven\repository\backport-util-concurrent\backport-util-concurrent\3.1\backport-util-concurrent-3.1.jar;D:\DevInformatique\environnement\maven\repository\org\apache\maven\maven-plugin-registry\2.2.1\maven-plugin-registry-2.2.1.jar;D:\DevInformatique\environnement\maven\repository\org\codehaus\plexus\plexus-interpolation\1.11\plexus-interpolation-1.11.jar;D:\DevInformatique\environnement\maven\repository\org\codehaus\plexus\plexus-container-default\1.0-alpha-9-stable-1\plexus-container-default-1.0-alpha-9-stable-1.jar;D:\DevInformatique\environnement\maven\repository\classworlds\classworlds\1.1-alpha-2\classworlds-1.1-alpha-2.jar;D:\DevInformatique\environnement\maven\repository\org\apache\maven\doxia\doxia-site-renderer\1.9.2\doxia-site-renderer-1.9.2.jar;D:\DevInformatique\environnement\maven\repository\org\apache\maven\doxia\doxia-logging-api\1.9.1\doxia-logging-api-1.9.1.jar;D:\DevInformatique\environnement\maven\repository\org\apache\maven\doxia\doxia-skin-model\1.9.2\doxia-skin-model-1.9.2.jar;D:\DevInformatique\environnement\maven\repository\org\codehaus\plexus\plexus-component-annotations\2.0.0\plexus-component-annotations-2.0.0.jar;D:\DevInformatique\environnement\maven\repository\org\codehaus\plexus\plexus-velocity\1.2\plexus-velocity-1.2.jar;D:\DevInformatique\environnement\maven\repository\org\apache\velocity\velocity\1.7\velocity-1.7.jar;D:\DevInformatique\environnement\maven\repository\org\apache\velocity\velocity-tools\2.0\velocity-tools-2.0.jar;D:\DevInformatique\environnement\maven\repository\commons-logging\commons-logging\1.1\commons-logging-1.1.jar;D:\DevInformatique\environnement\maven\repository\dom4j\dom4j\1.1\dom4j-1.1.jar;D:\DevInformatique\environnement\maven\repository\oro\oro\2.0.8\oro-2.0.8.jar;D:\DevInformatique\environnement\maven\repository\commons-collections\commons-collections\3.2.2\commons-collections-3.2.2.jar;D:\DevInformatique\environnement\maven\repository\org\jacoco\jacoco-maven-plugin\0.8.7\jacoco-maven-plugin-0.8.7.jar;D:\DevInformatique\environnement\maven\repository\org\apache\maven\shared\file-management\1.2.1\file-management-1.2.1.jar;D:\DevInformatique\environnement\maven\repository\org\jacoco\org.jacoco.agent\0.8.7\org.jacoco.agent-0.8.7-runtime.jar;D:\DevInformatique\environnement\maven\repository\org\jacoco\org.jacoco.core\0.8.7\org.jacoco.core-0.8.7.jar;D:\DevInformatique\environnement\maven\repository\org\jacoco\org.jacoco.report\0.8.7\org.jacoco.report-0.8.7.jar;D:\DevInformatique\environnement\maven\repository\com\github\spotbugs\spotbugs-maven-plugin\4.1.4\spotbugs-maven-plugin-4.1.4.jar;D:\DevInformatique\environnement\maven\repository\com\github\spotbugs\spotbugs\4.1.4\spotbugs-4.1.4.jar;D:\DevInformatique\environnement\maven\repository\org\apache\bcel\bcel\6.5.0\bcel-6.5.0.jar;D:\DevInformatique\environnement\maven\repository\net\jcip\jcip-annotations\1.0\jcip-annotations-1.0.jar;D:\DevInformatique\environnement\maven\repository\org\apache\commons\commons-text\1.9\commons-text-1.9.jar;D:\DevInformatique\environnement\maven\repository\com\github\spotbugs\spotbugs-annotations\4.1.4\spotbugs-annotations-4.1.4.jar;D:\DevInformatique\environnement\maven\repository\com\google\code\findbugs\jsr305\3.0.2\jsr305-3.0.2.jar;D:\DevInformatique\environnement\maven\repository\org\json\json\20200518\json-20200518.jar;D:\DevInformatique\environnement\maven\repository\jaxen\jaxen\1.2.0\jaxen-1.2.0.jar;D:\DevInformatique\environnement\maven\repository\net\sf\saxon\Saxon-HE\10.2\Saxon-HE-10.2.jar;D:\DevInformatique\environnement\maven\repository\org\slf4j\jcl-over-slf4j\1.7.30\jcl-over-slf4j-1.7.30.jar;D:\DevInformatique\environnement\maven\repository\org\slf4j\slf4j-simple\1.7.30\slf4j-simple-1.7.30.jar;D:\DevInformatique\environnement\maven\repository\org\apache\ant\ant\1.10.9\ant-1.10.9.jar;D:\DevInformatique\environnement\maven\repository\org\apache\ant\ant-launcher\1.10.9\ant-launcher-1.10.9.jar;D:\DevInformatique\environnement\maven\repository\org\codehaus\groovy\groovy\3.0.6\groovy-3.0.6-indy.jar;D:\DevInformatique\environnement\maven\repository\org\codehaus\groovy\groovy-ant\3.0.6\groovy-ant-3.0.6-indy.jar;D:\DevInformatique\environnement\maven\repository\org\codehaus\groovy\groovy-dateutil\3.0.6\groovy-dateutil-3.0.6-indy.jar;D:\DevInformatique\environnement\maven\repository\org\codehaus\groovy\groovy-docgenerator\3.0.6\groovy-docgenerator-3.0.6-indy.jar;D:\DevInformatique\environnement\maven\repository\com\thoughtworks\qdox\qdox\1.12.1\qdox-1.12.1.jar;D:\DevInformatique\environnement\maven\repository\org\codehaus\groovy\groovy-groovydoc\3.0.6\groovy-groovydoc-3.0.6-indy.jar;D:\DevInformatique\environnement\maven\repository\com\github\javaparser\javaparser-core\3.16.1\javaparser-core-3.16.1.jar;D:\DevInformatique\environnement\maven\repository\org\codehaus\groovy\groovy-templates\3.0.6\groovy-templates-3.0.6-indy.jar;D:\DevInformatique\environnement\maven\repository\org\codehaus\groovy\groovy-xml\3.0.6\groovy-xml-3.0.6-indy.jar;D:\DevInformatique\environnement\maven\repository\org\apache\maven\reporting\maven-reporting-impl\3.0.0\maven-reporting-impl-3.0.0.jar;D:\DevInformatique\environnement\maven\repository\org\apache\maven\shared\maven-artifact-transfer\0.12.0\maven-artifact-transfer-0.12.0.jar;D:\DevInformatique\environnement\maven\repository\commons-beanutils\commons-beanutils\1.9.4\commons-beanutils-1.9.4.jar;D:\DevInformatique\environnement\maven\repository\commons-chain\commons-chain\1.2\commons-chain-1.2.jar;D:\DevInformatique\environnement\maven\repository\commons-codec\commons-codec\1.15\commons-codec-1.15.jar;D:\DevInformatique\environnement\maven\repository\commons-digester\commons-digester\2.1\commons-digester-2.1.jar;D:\DevInformatique\environnement\maven\repository\org\codehaus\plexus\plexus-resources\1.1.0\plexus-resources-1.1.0.jar;D:\DevInformatique\environnement\maven\repository\org\ow2\asm\asm\9.0\asm-9.0.jar;D:\DevInformatique\environnement\maven\repository\org\ow2\asm\asm-analysis\9.0\asm-analysis-9.0.jar;D:\DevInformatique\environnement\maven\repository\org\ow2\asm\asm-commons\9.0\asm-commons-9.0.jar;D:\DevInformatique\environnement\maven\repository\org\ow2\asm\asm-tree\9.0\asm-tree-9.0.jar;D:\DevInformatique\environnement\maven\repository\org\ow2\asm\asm-util\9.0\asm-util-9.0.jar;D:\DevInformatique\environnement\maven\repository\org\apache\maven\plugins\maven-assembly-plugin\3.0.0\maven-assembly-plugin-3.0.0.jar;D:\DevInformatique\environnement\maven\repository\org\apache\maven\shared\maven-common-artifact-filters\3.0.1\maven-common-artifact-filters-3.0.1.jar;D:\DevInformatique\environnement\maven\repository\org\apache\maven\shared\maven-shared-io\3.0.0\maven-shared-io-3.0.0.jar;D:\DevInformatique\environnement\maven\repository\org\apache\maven\maven-compat\3.0\maven-compat-3.0.jar;D:\DevInformatique\environnement\maven\repository\org\apache\maven\shared\maven-filtering\3.1.1\maven-filtering-3.1.1.jar;D:\DevInformatique\environnement\maven\repository\org\sonatype\plexus\plexus-build-api\0.0.7\plexus-build-api-0.0.7.jar;D:\DevInformatique\environnement\maven\repository\org\codehaus\plexus\plexus-io\2.7.1\plexus-io-2.7.1.jar;D:\DevInformatique\environnement\maven\repository\org\apache\maven\plugins\maven-surefire-plugin\3.0.0-M5\maven-surefire-plugin-3.0.0-M5.jar;D:\DevInformatique\environnement\maven\repository\org\apache\maven\surefire\maven-surefire-common\3.0.0-M5\maven-surefire-common-3.0.0-M5.jar;D:\DevInformatique\environnement\maven\repository\org\apache\maven\surefire\surefire-api\3.0.0-M5\surefire-api-3.0.0-M5.jar;D:\DevInformatique\environnement\maven\repository\org\apache\maven\surefire\surefire-extensions-api\3.0.0-M5\surefire-extensions-api-3.0.0-M5.jar;D:\DevInformatique\environnement\maven\repository\org\apache\maven\surefire\surefire-booter\3.0.0-M5\surefire-booter-3.0.0-M5.jar;D:\DevInformatique\environnement\maven\repository\org\apache\maven\surefire\surefire-extensions-spi\3.0.0-M5\surefire-extensions-spi-3.0.0-M5.jar;D:\DevInformatique\environnement\maven\repository\org\apache\maven\maven-toolchain\3.0-alpha-2\maven-toolchain-3.0-alpha-2.jar;D:\DevInformatique\environnement\maven\repository\org\codehaus\plexus\plexus-java\1.0.5\plexus-java-1.0.5.jar;D:\DevInformatique\environnement\maven\repository\org\apache\maven\surefire\surefire-shared-utils\3.0.0-M4\surefire-shared-utils-3.0.0-M4.jar;D:\DevInformatique\environnement\maven\repository\org\apache\maven\plugins\maven-surefire-report-plugin\3.0.0-M5\maven-surefire-report-plugin-3.0.0-M5.jar;D:\DevInformatique\environnement\maven\repository\org\apache\maven\surefire\surefire-report-parser\3.0.0-M5\surefire-report-parser-3.0.0-M5.jar;D:\DevInformatique\environnement\maven\repository\org\apache\maven\surefire\surefire-logger-api\3.0.0-M5\surefire-logger-api-3.0.0-M5.jar;D:\DevInformatique\environnement\maven\repository\commons-lang\commons-lang\2.6\commons-lang-2.6.jar;D:\DevInformatique\environnement\maven\repository\org\springframework\security\spring-security-test\5.5.1\spring-security-test-5.5.1.jar;"/>
    <property name="java.vm.vendor" value="Oracle Corporation"/>
    <property name="sun.arch.data.model" value="64"/>
    <property name="user.variant" value=""/>
    <property name="java.vendor.url" value="https://java.oracle.com/"/>
    <property name="user.timezone" value="Europe/Paris"/>
    <property name="os.name" value="Windows 10"/>
    <property name="java.vm.specification.version" value="17"/>
    <property name="sun.java.launcher" value="SUN_STANDARD"/>
    <property name="user.country" value="FR"/>
    <property name="sun.boot.library.path" value="C:\Program Files\Java\jdk-17\bin"/>
    <property name="sun.java.command" value="C:\Users\HODOR-~1\AppData\Local\Temp\surefire13392704136947457516\surefirebooter3042975151633983106.jar C:\Users\Hodor-Fixe\AppData\Local\Temp\surefire13392704136947457516 2021-09-28T12-22-00_719-jvmRun1 surefire8892298361310827683tmp surefire_014870035225526591010tmp"/>
    <property name="jdk.debug" value="release"/>
    <property name="surefire.test.class.path" value="D:\DevInformatique\_OpenClasseRoom_DeveloppeurApllicationJava\P7_aulombard_geoffrey\Poseidon\target\test-classes;D:\DevInformatique\_OpenClasseRoom_DeveloppeurApllicationJava\P7_aulombard_geoffrey\Poseidon\target\classes;D:\DevInformatique\environnement\maven\repository\org\springframework\boot\spring-boot-starter-oauth2-client\2.4.5\spring-boot-starter-oauth2-client-2.4.5.jar;D:\DevInformatique\environnement\maven\repository\org\springframework\boot\spring-boot-starter\2.4.5\spring-boot-starter-2.4.5.jar;D:\DevInformatique\environnement\maven\repository\org\springframework\boot\spring-boot-starter-logging\2.4.5\spring-boot-starter-logging-2.4.5.jar;D:\DevInformatique\environnement\maven\repository\ch\qos\logback\logback-classic\1.2.3\logback-classic-1.2.3.jar;D:\DevInformatique\environnement\maven\repository\ch\qos\logback\logback-core\1.2.3\logback-core-1.2.3.jar;D:\DevInformatique\environnement\maven\repository\org\apache\logging\log4j\log4j-to-slf4j\2.13.3\log4j-to-slf4j-2.13.3.jar;D:\DevInformatique\environnement\maven\repository\org\apache\logging\log4j\log4j-api\2.13.3\log4j-api-2.13.3.jar;D:\DevInformatique\environnement\maven\repository\org\slf4j\jul-to-slf4j\1.7.30\jul-to-slf4j-1.7.30.jar;D:\DevInformatique\environnement\maven\repository\jakarta\annotation\jakarta.annotation-api\1.3.5\jakarta.annotation-api-1.3.5.jar;D:\DevInformatique\environnement\maven\repository\org\yaml\snakeyaml\1.27\snakeyaml-1.27.jar;D:\DevInformatique\environnement\maven\repository\com\sun\mail\jakarta.mail\1.6.7\jakarta.mail-1.6.7.jar;D:\DevInformatique\environnement\maven\repository\com\sun\activation\jakarta.activation\1.2.2\jakarta.activation-1.2.2.jar;D:\DevInformatique\environnement\maven\repository\org\springframework\security\spring-security-config\5.4.6\spring-security-config-5.4.6.jar;D:\DevInformatique\environnement\maven\repository\org\springframework\spring-beans\5.3.6\spring-beans-5.3.6.jar;D:\DevInformatique\environnement\maven\repository\org\springframework\spring-context\5.3.6\spring-context-5.3.6.jar;D:\DevInformatique\environnement\maven\repository\org\springframework\security\spring-security-core\5.4.6\spring-security-core-5.4.6.jar;D:\DevInformatique\environnement\maven\repository\org\springframework\spring-expression\5.3.6\spring-expression-5.3.6.jar;D:\DevInformatique\environnement\maven\repository\org\springframework\security\spring-security-oauth2-client\5.4.6\spring-security-oauth2-client-5.4.6.jar;D:\DevInformatique\environnement\maven\repository\com\nimbusds\oauth2-oidc-sdk\8.36.1\oauth2-oidc-sdk-8.36.1.jar;D:\DevInformatique\environnement\maven\repository\com\github\stephenc\jcip\jcip-annotations\1.0-1\jcip-annotations-1.0-1.jar;D:\DevInformatique\environnement\maven\repository\com\nimbusds\content-type\2.1\content-type-2.1.jar;D:\DevInformatique\environnement\maven\repository\com\nimbusds\lang-tag\1.4.4\lang-tag-1.4.4.jar;D:\DevInformatique\environnement\maven\repository\org\springframework\security\spring-security-oauth2-core\5.4.6\spring-security-oauth2-core-5.4.6.jar;D:\DevInformatique\environnement\maven\repository\org\springframework\security\spring-security-oauth2-jose\5.4.6\spring-security-oauth2-jose-5.4.6.jar;D:\DevInformatique\environnement\maven\repository\com\nimbusds\nimbus-jose-jwt\8.20.2\nimbus-jose-jwt-8.20.2.jar;D:\DevInformatique\environnement\maven\repository\org\springframework\boot\spring-boot-starter-security\2.4.5\spring-boot-starter-security-2.4.5.jar;D:\DevInformatique\environnement\maven\repository\org\springframework\spring-aop\5.3.6\spring-aop-5.3.6.jar;D:\DevInformatique\environnement\maven\repository\org\springframework\security\spring-security-web\5.4.6\spring-security-web-5.4.6.jar;D:\DevInformatique\environnement\maven\repository\org\springframework\boot\spring-boot-starter-actuator\2.4.5\spring-boot-starter-actuator-2.4.5.jar;D:\DevInformatique\environnement\maven\repository\org\springframework\boot\spring-boot-actuator-autoconfigure\2.4.5\spring-boot-actuator-autoconfigure-2.4.5.jar;D:\DevInformatique\environnement\maven\repository\org\springframework\boot\spring-boot-actuator\2.4.5\spring-boot-actuator-2.4.5.jar;D:\DevInformatique\environnement\maven\repository\com\fasterxml\jackson\core\jackson-databind\2.11.4\jackson-databind-2.11.4.jar;D:\DevInformatique\environnement\maven\repository\com\fasterxml\jackson\core\jackson-annotations\2.11.4\jackson-annotations-2.11.4.jar;D:\DevInformatique\environnement\maven\repository\com\fasterxml\jackson\core\jackson-core\2.11.4\jackson-core-2.11.4.jar;D:\DevInformatique\environnement\maven\repository\com\fasterxml\jackson\datatype\jackson-datatype-jsr310\2.11.4\jackson-datatype-jsr310-2.11.4.jar;D:\DevInformatique\environnement\maven\repository\io\micrometer\micrometer-core\1.6.6\micrometer-core-1.6.6.jar;D:\DevInformatique\environnement\maven\repository\org\hdrhistogram\HdrHistogram\2.1.12\HdrHistogram-2.1.12.jar;D:\DevInformatique\environnement\maven\repository\org\latencyutils\LatencyUtils\2.0.3\LatencyUtils-2.0.3.jar;D:\DevInformatique\environnement\maven\repository\org\springframework\boot\spring-boot-starter-test\2.4.5\spring-boot-starter-test-2.4.5.jar;D:\DevInformatique\environnement\maven\repository\org\springframework\boot\spring-boot-test\2.4.5\spring-boot-test-2.4.5.jar;D:\DevInformatique\environnement\maven\repository\org\springframework\boot\spring-boot-test-autoconfigure\2.4.5\spring-boot-test-autoconfigure-2.4.5.jar;D:\DevInformatique\environnement\maven\repository\com\jayway\jsonpath\json-path\2.4.0\json-path-2.4.0.jar;D:\DevInformatique\environnement\maven\repository\net\minidev\json-smart\2.3\json-smart-2.3.jar;D:\DevInformatique\environnement\maven\repository\net\minidev\accessors-smart\1.2\accessors-smart-1.2.jar;D:\DevInformatique\environnement\maven\repository\jakarta\xml\bind\jakarta.xml.bind-api\2.3.3\jakarta.xml.bind-api-2.3.3.jar;D:\DevInformatique\environnement\maven\repository\jakarta\activation\jakarta.activation-api\1.2.2\jakarta.activation-api-1.2.2.jar;D:\DevInformatique\environnement\maven\repository\org\assertj\assertj-core\3.18.1\assertj-core-3.18.1.jar;D:\DevInformatique\environnement\maven\repository\org\hamcrest\hamcrest\2.2\hamcrest-2.2.jar;D:\DevInformatique\environnement\maven\repository\org\junit\jupiter\junit-jupiter\5.7.1\junit-jupiter-5.7.1.jar;D:\DevInformatique\environnement\maven\repository\org\junit\jupiter\junit-jupiter-api\5.7.1\junit-jupiter-api-5.7.1.jar;D:\DevInformatique\environnement\maven\repository\org\apiguardian\apiguardian-api\1.1.0\apiguardian-api-1.1.0.jar;D:\DevInformatique\environnement\maven\repository\org\opentest4j\opentest4j\1.2.0\opentest4j-1.2.0.jar;D:\DevInformatique\environnement\maven\repository\org\junit\platform\junit-platform-commons\1.7.1\junit-platform-commons-1.7.1.jar;D:\DevInformatique\environnement\maven\repository\org\junit\jupiter\junit-jupiter-params\5.7.1\junit-jupiter-params-5.7.1.jar;D:\DevInformatique\environnement\maven\repository\org\junit\jupiter\junit-jupiter-engine\5.7.1\junit-jupiter-engine-5.7.1.jar;D:\DevInformatique\environnement\maven\repository\org\junit\platform\junit-platform-engine\1.7.1\junit-platform-engine-1.7.1.jar;D:\DevInformatique\environnement\maven\repository\org\mockito\mockito-core\3.6.28\mockito-core-3.6.28.jar;D:\DevInformatique\environnement\maven\repository\net\bytebuddy\byte-buddy\1.10.22\byte-buddy-1.10.22.jar;D:\DevInformatique\environnement\maven\repository\net\bytebuddy\byte-buddy-agent\1.10.22\byte-buddy-agent-1.10.22.jar;D:\DevInformatique\environnement\maven\repository\org\objenesis\objenesis\3.1\objenesis-3.1.jar;D:\DevInformatique\environnement\maven\repository\org\mockito\mockito-junit-jupiter\3.6.28\mockito-junit-jupiter-3.6.28.jar;D:\DevInformatique\environnement\maven\repository\org\skyscreamer\jsonassert\1.5.0\jsonassert-1.5.0.jar;D:\DevInformatique\environnement\maven\repository\com\vaadin\external\google\android-json\0.0.20131108.vaadin1\android-json-0.0.20131108.vaadin1.jar;D:\DevInformatique\environnement\maven\repository\org\springframework\spring-core\5.3.6\spring-core-5.3.6.jar;D:\DevInformatique\environnement\maven\repository\org\springframework\spring-jcl\5.3.6\spring-jcl-5.3.6.jar;D:\DevInformatique\environnement\maven\repository\org\springframework\spring-test\5.3.6\spring-test-5.3.6.jar;D:\DevInformatique\environnement\maven\repository\org\xmlunit\xmlunit-core\2.7.0\xmlunit-core-2.7.0.jar;D:\DevInformatique\environnement\maven\repository\org\springframework\boot\spring-boot-starter-data-jpa\2.4.5\spring-boot-starter-data-jpa-2.4.5.jar;D:\DevInformatique\environnement\maven\repository\org\springframework\boot\spring-boot-starter-aop\2.4.5\spring-boot-starter-aop-2.4.5.jar;D:\DevInformatique\environnement\maven\repository\org\aspectj\aspectjweaver\1.9.6\aspectjweaver-1.9.6.jar;D:\DevInformatique\environnement\maven\repository\org\springframework\boot\spring-boot-starter-jdbc\2.4.5\spring-boot-starter-jdbc-2.4.5.jar;D:\DevInformatique\environnement\maven\repository\com\zaxxer\HikariCP\3.4.5\HikariCP-3.4.5.jar;D:\DevInformatique\environnement\maven\repository\org\springframework\spring-jdbc\5.3.6\spring-jdbc-5.3.6.jar;D:\DevInformatique\environnement\maven\repository\jakarta\transaction\jakarta.transaction-api\1.3.3\jakarta.transaction-api-1.3.3.jar;D:\DevInformatique\environnement\maven\repository\jakarta\persistence\jakarta.persistence-api\2.2.3\jakarta.persistence-api-2.2.3.jar;D:\DevInformatique\environnement\maven\repository\org\hibernate\hibernate-core\5.4.30.Final\hibernate-core-5.4.30.Final.jar;D:\DevInformatique\environnement\maven\repository\org\jboss\logging\jboss-logging\3.4.1.Final\jboss-logging-3.4.1.Final.jar;D:\DevInformatique\environnement\maven\repository\org\javassist\javassist\3.27.0-GA\javassist-3.27.0-GA.jar;D:\DevInformatique\environnement\maven\repository\antlr\antlr\2.7.7\antlr-2.7.7.jar;D:\DevInformatique\environnement\maven\repository\org\jboss\jandex\2.2.3.Final\jandex-2.2.3.Final.jar;D:\DevInformatique\environnement\maven\repository\com\fasterxml\classmate\1.5.1\classmate-1.5.1.jar;D:\DevInformatique\environnement\maven\repository\org\dom4j\dom4j\2.1.3\dom4j-2.1.3.jar;D:\DevInformatique\environnement\maven\repository\org\hibernate\common\hibernate-commons-annotations\5.1.2.Final\hibernate-commons-annotations-5.1.2.Final.jar;D:\DevInformatique\environnement\maven\repository\org\glassfish\jaxb\jaxb-runtime\2.3.4\jaxb-runtime-2.3.4.jar;D:\DevInformatique\environnement\maven\repository\org\glassfish\jaxb\txw2\2.3.4\txw2-2.3.4.jar;D:\DevInformatique\environnement\maven\repository\com\sun\istack\istack-commons-runtime\3.0.12\istack-commons-runtime-3.0.12.jar;D:\DevInformatique\environnement\maven\repository\org\springframework\data\spring-data-jpa\2.4.8\spring-data-jpa-2.4.8.jar;D:\DevInformatique\environnement\maven\repository\org\springframework\data\spring-data-commons\2.4.8\spring-data-commons-2.4.8.jar;D:\DevInformatique\environnement\maven\repository\org\springframework\spring-orm\5.3.6\spring-orm-5.3.6.jar;D:\DevInformatique\environnement\maven\repository\org\springframework\spring-tx\5.3.6\spring-tx-5.3.6.jar;D:\DevInformatique\environnement\maven\repository\org\springframework\spring-aspects\5.3.6\spring-aspects-5.3.6.jar;D:\DevInformatique\environnement\maven\repository\org\springframework\boot\spring-boot-starter-web\2.4.5\spring-boot-starter-web-2.4.5.jar;D:\DevInformatique\environnement\maven\repository\org\springframework\boot\spring-boot-starter-json\2.4.5\spring-boot-starter-json-2.4.5.jar;D:\DevInformatique\environnement\maven\repository\com\fasterxml\jackson\datatype\jackson-datatype-jdk8\2.11.4\jackson-datatype-jdk8-2.11.4.jar;D:\DevInformatique\environnement\maven\repository\com\fasterxml\jackson\module\jackson-module-parameter-names\2.11.4\jackson-module-parameter-names-2.11.4.jar;D:\DevInformatique\environnement\maven\repository\org\springframework\boot\spring-boot-starter-tomcat\2.4.5\spring-boot-starter-tomcat-2.4.5.jar;D:\DevInformatique\environnement\maven\repository\org\apache\tomcat\embed\tomcat-embed-core\9.0.45\tomcat-embed-core-9.0.45.jar;D:\DevInformatique\environnement\maven\repository\org\apache\tomcat\embed\tomcat-embed-websocket\9.0.45\tomcat-embed-websocket-9.0.45.jar;D:\DevInformatique\environnement\maven\repository\org\springframework\spring-web\5.3.6\spring-web-5.3.6.jar;D:\DevInformatique\environnement\maven\repository\org\springframework\spring-webmvc\5.3.6\spring-webmvc-5.3.6.jar;D:\DevInformatique\environnement\maven\repository\org\springframework\boot\spring-boot-starter-thymeleaf\2.4.5\spring-boot-starter-thymeleaf-2.4.5.jar;D:\DevInformatique\environnement\maven\repository\org\thymeleaf\thymeleaf-spring5\3.0.12.RELEASE\thymeleaf-spring5-3.0.12.RELEASE.jar;D:\DevInformatique\environnement\maven\repository\org\thymeleaf\thymeleaf\3.0.12.RELEASE\thymeleaf-3.0.12.RELEASE.jar;D:\DevInformatique\environnement\maven\repository\org\attoparser\attoparser\2.0.5.RELEASE\attoparser-2.0.5.RELEASE.jar;D:\DevInformatique\environnement\maven\repository\org\unbescape\unbescape\1.1.6.RELEASE\unbescape-1.1.6.RELEASE.jar;D:\DevInformatique\environnement\maven\repository\org\thymeleaf\extras\thymeleaf-extras-java8time\3.0.4.RELEASE\thymeleaf-extras-java8time-3.0.4.RELEASE.jar;D:\DevInformatique\environnement\maven\repository\org\thymeleaf\extras\thymeleaf-extras-springsecurity5\3.0.4.RELEASE\thymeleaf-extras-springsecurity5-3.0.4.RELEASE.jar;D:\DevInformatique\environnement\maven\repository\org\slf4j\slf4j-api\1.7.30\slf4j-api-1.7.30.jar;D:\DevInformatique\environnement\maven\repository\org\springframework\boot\spring-boot-devtools\2.4.5\spring-boot-devtools-2.4.5.jar;D:\DevInformatique\environnement\maven\repository\org\springframework\boot\spring-boot\2.4.5\spring-boot-2.4.5.jar;D:\DevInformatique\environnement\maven\repository\org\springframework\boot\spring-boot-autoconfigure\2.4.5\spring-boot-autoconfigure-2.4.5.jar;D:\DevInformatique\environnement\maven\repository\org\springframework\boot\spring-boot-starter-validation\2.4.5\spring-boot-starter-validation-2.4.5.jar;D:\DevInformatique\environnement\maven\repository\org\glassfish\jakarta.el\3.0.3\jakarta.el-3.0.3.jar;D:\DevInformatique\environnement\maven\repository\org\hibernate\validator\hibernate-validator\6.1.7.Final\hibernate-validator-6.1.7.Final.jar;D:\DevInformatique\environnement\maven\repository\jakarta\validation\jakarta.validation-api\2.0.2\jakarta.validation-api-2.0.2.jar;D:\DevInformatique\environnement\maven\repository\mysql\mysql-connector-java\8.0.23\mysql-connector-java-8.0.23.jar;D:\DevInformatique\environnement\maven\repository\com\h2database\h2\1.4.200\h2-1.4.200.jar;D:\DevInformatique\environnement\maven\repository\org\projectlombok\lombok\1.18.20\lombok-1.18.20.jar;D:\DevInformatique\environnement\maven\repository\junit\junit\4.13.2\junit-4.13.2.jar;D:\DevInformatique\environnement\maven\repository\org\hamcrest\hamcrest-core\2.2\hamcrest-core-2.2.jar;D:\DevInformatique\environnement\maven\repository\org\apache\maven\reporting\maven-reporting-api\3.0\maven-reporting-api-3.0.jar;D:\DevInformatique\environnement\maven\repository\org\apache\maven\doxia\doxia-sink-api\1.0\doxia-sink-api-1.0.jar;D:\DevInformatique\environnement\maven\repository\org\apache\maven\plugins\maven-site-plugin\3.9.1\maven-site-plugin-3.9.1.jar;D:\DevInformatique\environnement\maven\repository\org\apache\maven\reporting\maven-reporting-exec\1.5.1\maven-reporting-exec-1.5.1.jar;D:\DevInformatique\environnement\maven\repository\org\sonatype\aether\aether-util\1.7\aether-util-1.7.jar;D:\DevInformatique\environnement\maven\repository\org\eclipse\aether\aether-util\0.9.0.M2\aether-util-0.9.0.M2.jar;D:\DevInformatique\environnement\maven\repository\org\apache\maven\shared\maven-shared-utils\3.1.0\maven-shared-utils-3.1.0.jar;D:\DevInformatique\environnement\maven\repository\org\apache\maven\maven-artifact\3.0.5\maven-artifact-3.0.5.jar;D:\DevInformatique\environnement\maven\repository\org\apache\maven\maven-core\3.0.5\maven-core-3.0.5.jar;D:\DevInformatique\environnement\maven\repository\org\apache\maven\maven-repository-metadata\3.0.5\maven-repository-metadata-3.0.5.jar;D:\DevInformatique\environnement\maven\repository\org\apache\maven\maven-model-builder\3.0.5\maven-model-builder-3.0.5.jar;D:\DevInformatique\environnement\maven\repository\org\apache\maven\maven-aether-provider\3.0.5\maven-aether-provider-3.0.5.jar;D:\DevInformatique\environnement\maven\repository\org\sonatype\aether\aether-spi\1.13.1\aether-spi-1.13.1.jar;D:\DevInformatique\environnement\maven\repository\org\sonatype\aether\aether-impl\1.13.1\aether-impl-1.13.1.jar;D:\DevInformatique\environnement\maven\repository\org\sonatype\aether\aether-api\1.13.1\aether-api-1.13.1.jar;D:\DevInformatique\environnement\maven\repository\org\codehaus\plexus\plexus-classworlds\2.4\plexus-classworlds-2.4.jar;D:\DevInformatique\environnement\maven\repository\org\sonatype\plexus\plexus-sec-dispatcher\1.3\plexus-sec-dispatcher-1.3.jar;D:\DevInformatique\environnement\maven\repository\org\sonatype\plexus\plexus-cipher\1.4\plexus-cipher-1.4.jar;D:\DevInformatique\environnement\maven\repository\org\apache\maven\maven-model\3.0.5\maven-model-3.0.5.jar;D:\DevInformatique\environnement\maven\repository\org\apache\maven\maven-plugin-api\3.0.5\maven-plugin-api-3.0.5.jar;D:\DevInformatique\environnement\maven\repository\org\apache\maven\maven-settings\3.0.5\maven-settings-3.0.5.jar;D:\DevInformatique\environnement\maven\repository\org\apache\maven\maven-settings-builder\3.0.5\maven-settings-builder-3.0.5.jar;D:\DevInformatique\environnement\maven\repository\org\apache\maven\maven-archiver\3.5.0\maven-archiver-3.5.0.jar;D:\DevInformatique\environnement\maven\repository\org\sonatype\sisu\sisu-inject-plexus\1.4.2\sisu-inject-plexus-1.4.2.jar;D:\DevInformatique\environnement\maven\repository\org\sonatype\sisu\sisu-inject-bean\1.4.2\sisu-inject-bean-1.4.2.jar;D:\DevInformatique\environnement\maven\repository\org\sonatype\sisu\sisu-guice\2.1.7\sisu-guice-2.1.7-noaop.jar;D:\DevInformatique\environnement\maven\repository\org\codehaus\plexus\plexus-archiver\4.2.1\plexus-archiver-4.2.1.jar;D:\DevInformatique\environnement\maven\repository\org\apache\commons\commons-compress\1.19\commons-compress-1.19.jar;D:\DevInformatique\environnement\maven\repository\org\iq80\snappy\snappy\0.4\snappy-0.4.jar;D:\DevInformatique\environnement\maven\repository\org\tukaani\xz\1.8\xz-1.8.jar;D:\DevInformatique\environnement\maven\repository\org\codehaus\plexus\plexus-i18n\1.0-beta-10\plexus-i18n-1.0-beta-10.jar;D:\DevInformatique\environnement\maven\repository\org\codehaus\plexus\plexus-utils\3.3.0\plexus-utils-3.3.0.jar;D:\DevInformatique\environnement\maven\repository\org\apache\maven\doxia\doxia-core\1.9.1\doxia-core-1.9.1.jar;D:\DevInformatique\environnement\maven\repository\org\apache\httpcomponents\httpclient\4.5.13\httpclient-4.5.13.jar;D:\DevInformatique\environnement\maven\repository\org\apache\httpcomponents\httpcore\4.4.14\httpcore-4.4.14.jar;D:\DevInformatique\environnement\maven\repository\org\apache\maven\doxia\doxia-module-xhtml\1.9.1\doxia-module-xhtml-1.9.1.jar;D:\DevInformatique\environnement\maven\repository\org\apache\maven\doxia\doxia-module-xhtml5\1.9.1\doxia-module-xhtml5-1.9.1.jar;D:\DevInformatique\environnement\maven\repository\org\apache\maven\doxia\doxia-module-apt\1.9.1\doxia-module-apt-1.9.1.jar;D:\DevInformatique\environnement\maven\repository\org\apache\maven\doxia\doxia-module-xdoc\1.9.1\doxia-module-xdoc-1.9.1.jar;D:\DevInformatique\environnement\maven\repository\org\apache\maven\doxia\doxia-module-fml\1.9.1\doxia-module-fml-1.9.1.jar;D:\DevInformatique\environnement\maven\repository\org\apache\maven\doxia\doxia-module-markdown\1.9.1\doxia-module-markdown-1.9.1.jar;D:\DevInformatique\environnement\maven\repository\com\vladsch\flexmark\flexmark-all\0.42.14\flexmark-all-0.42.14.jar;D:\DevInformatique\environnement\maven\repository\com\vladsch\flexmark\flexmark\0.42.14\flexmark-0.42.14.jar;D:\DevInformatique\environnement\maven\repository\com\vladsch\flexmark\flexmark-ext-abbreviation\0.42.14\flexmark-ext-abbreviation-0.42.14.jar;D:\DevInformatique\environnement\maven\repository\com\vladsch\flexmark\flexmark-ext-admonition\0.42.14\flexmark-ext-admonition-0.42.14.jar;D:\DevInformatique\environnement\maven\repository\com\vladsch\flexmark\flexmark-ext-anchorlink\0.42.14\flexmark-ext-anchorlink-0.42.14.jar;D:\DevInformatique\environnement\maven\repository\com\vladsch\flexmark\flexmark-ext-aside\0.42.14\flexmark-ext-aside-0.42.14.jar;D:\DevInformatique\environnement\maven\repository\com\vladsch\flexmark\flexmark-ext-attributes\0.42.14\flexmark-ext-attributes-0.42.14.jar;D:\DevInformatique\environnement\maven\repository\com\vladsch\flexmark\flexmark-ext-autolink\0.42.14\flexmark-ext-autolink-0.42.14.jar;D:\DevInformatique\environnement\maven\repository\org\nibor\autolink\autolink\0.6.0\autolink-0.6.0.jar;D:\DevInformatique\environnement\maven\repository\com\vladsch\flexmark\flexmark-ext-definition\0.42.14\flexmark-ext-definition-0.42.14.jar;D:\DevInformatique\environnement\maven\repository\com\vladsch\flexmark\flexmark-ext-emoji\0.42.14\flexmark-ext-emoji-0.42.14.jar;D:\DevInformatique\environnement\maven\repository\com\vladsch\flexmark\flexmark-ext-enumerated-reference\0.42.14\flexmark-ext-enumerated-reference-0.42.14.jar;D:\DevInformatique\environnement\maven\repository\com\vladsch\flexmark\flexmark-ext-escaped-character\0.42.14\flexmark-ext-escaped-character-0.42.14.jar;D:\DevInformatique\environnement\maven\repository\com\vladsch\flexmark\flexmark-ext-footnotes\0.42.14\flexmark-ext-footnotes-0.42.14.jar;D:\DevInformatique\environnement\maven\repository\com\vladsch\flexmark\flexmark-ext-gfm-issues\0.42.14\flexmark-ext-gfm-issues-0.42.14.jar;D:\DevInformatique\environnement\maven\repository\com\vladsch\flexmark\flexmark-ext-gfm-strikethrough\0.42.14\flexmark-ext-gfm-strikethrough-0.42.14.jar;D:\DevInformatique\environnement\maven\repository\com\vladsch\flexmark\flexmark-ext-gfm-tables\0.42.14\flexmark-ext-gfm-tables-0.42.14.jar;D:\DevInformatique\environnement\maven\repository\com\vladsch\flexmark\flexmark-ext-gfm-tasklist\0.42.14\flexmark-ext-gfm-tasklist-0.42.14.jar;D:\DevInformatique\environnement\maven\repository\com\vladsch\flexmark\flexmark-ext-gfm-users\0.42.14\flexmark-ext-gfm-users-0.42.14.jar;D:\DevInformatique\environnement\maven\repository\com\vladsch\flexmark\flexmark-ext-gitlab\0.42.14\flexmark-ext-gitlab-0.42.14.jar;D:\DevInformatique\environnement\maven\repository\com\vladsch\flexmark\flexmark-ext-jekyll-front-matter\0.42.14\flexmark-ext-jekyll-front-matter-0.42.14.jar;D:\DevInformatique\environnement\maven\repository\com\vladsch\flexmark\flexmark-ext-jekyll-tag\0.42.14\flexmark-ext-jekyll-tag-0.42.14.jar;D:\DevInformatique\environnement\maven\repository\com\vladsch\flexmark\flexmark-ext-media-tags\0.42.14\flexmark-ext-media-tags-0.42.14.jar;D:\DevInformatique\environnement\maven\repository\com\vladsch\flexmark\flexmark-ext-macros\0.42.14\flexmark-ext-macros-0.42.14.jar;D:\DevInformatique\environnement\maven\repository\com\vladsch\flexmark\flexmark-ext-ins\0.42.14\flexmark-ext-ins-0.42.14.jar;D:\DevInformatique\environnement\maven\repository\com\vladsch\flexmark\flexmark-ext-xwiki-macros\0.42.14\flexmark-ext-xwiki-macros-0.42.14.jar;D:\DevInformatique\environnement\maven\repository\com\vladsch\flexmark\flexmark-ext-superscript\0.42.14\flexmark-ext-superscript-0.42.14.jar;D:\DevInformatique\environnement\maven\repository\com\vladsch\flexmark\flexmark-ext-tables\0.42.14\flexmark-ext-tables-0.42.14.jar;D:\DevInformatique\environnement\maven\repository\com\vladsch\flexmark\flexmark-ext-toc\0.42.14\flexmark-ext-toc-0.42.14.jar;D:\DevInformatique\environnement\maven\repository\com\vladsch\flexmark\flexmark-ext-typographic\0.42.14\flexmark-ext-typographic-0.42.14.jar;D:\DevInformatique\environnement\maven\repository\com\vladsch\flexmark\flexmark-ext-wikilink\0.42.14\flexmark-ext-wikilink-0.42.14.jar;D:\DevInformatique\environnement\maven\repository\com\vladsch\flexmark\flexmark-ext-yaml-front-matter\0.42.14\flexmark-ext-yaml-front-matter-0.42.14.jar;D:\DevInformatique\environnement\maven\repository\com\vladsch\flexmark\flexmark-ext-youtube-embedded\0.42.14\flexmark-ext-youtube-embedded-0.42.14.jar;D:\DevInformatique\environnement\maven\repository\com\vladsch\flexmark\flexmark-formatter\0.42.14\flexmark-formatter-0.42.14.jar;D:\DevInformatique\environnement\maven\repository\com\vladsch\flexmark\flexmark-html-parser\0.42.14\flexmark-html-parser-0.42.14.jar;D:\DevInformatique\environnement\maven\repository\org\jsoup\jsoup\1.10.2\jsoup-1.10.2.jar;D:\DevInformatique\environnement\maven\repository\com\vladsch\flexmark\flexmark-jira-converter\0.42.14\flexmark-jira-converter-0.42.14.jar;D:\DevInformatique\environnement\maven\repository\com\vladsch\flexmark\flexmark-profile-pegdown\0.42.14\flexmark-profile-pegdown-0.42.14.jar;D:\DevInformatique\environnement\maven\repository\com\vladsch\flexmark\flexmark-util\0.42.14\flexmark-util-0.42.14.jar;D:\DevInformatique\environnement\maven\repository\com\vladsch\flexmark\flexmark-youtrack-converter\0.42.14\flexmark-youtrack-converter-0.42.14.jar;D:\DevInformatique\environnement\maven\repository\org\apache\maven\doxia\doxia-module-confluence\1.9.1\doxia-module-confluence-1.9.1.jar;D:\DevInformatique\environnement\maven\repository\org\apache\maven\doxia\doxia-module-docbook-simple\1.9.1\doxia-module-docbook-simple-1.9.1.jar;D:\DevInformatique\environnement\maven\repository\org\apache\maven\doxia\doxia-module-twiki\1.9.1\doxia-module-twiki-1.9.1.jar;D:\DevInformatique\environnement\maven\repository\org\apache\maven\doxia\doxia-decoration-model\1.9.2\doxia-decoration-model-1.9.2.jar;D:\DevInformatique\environnement\maven\repository\org\apache\maven\doxia\doxia-integration-tools\1.9.2\doxia-integration-tools-1.9.2.jar;D:\DevInformatique\environnement\maven\repository\org\apache\maven\wagon\wagon-provider-api\3.3.1\wagon-provider-api-3.3.1.jar;D:\DevInformatique\environnement\maven\repository\org\eclipse\jetty\jetty-server\9.4.39.v20210325\jetty-server-9.4.39.v20210325.jar;D:\DevInformatique\environnement\maven\repository\javax\servlet\javax.servlet-api\4.0.1\javax.servlet-api-4.0.1.jar;D:\DevInformatique\environnement\maven\repository\org\eclipse\jetty\jetty-http\9.4.39.v20210325\jetty-http-9.4.39.v20210325.jar;D:\DevInformatique\environnement\maven\repository\org\eclipse\jetty\jetty-io\9.4.39.v20210325\jetty-io-9.4.39.v20210325.jar;D:\DevInformatique\environnement\maven\repository\org\eclipse\jetty\jetty-servlet\9.4.39.v20210325\jetty-servlet-9.4.39.v20210325.jar;D:\DevInformatique\environnement\maven\repository\org\eclipse\jetty\jetty-security\9.4.39.v20210325\jetty-security-9.4.39.v20210325.jar;D:\DevInformatique\environnement\maven\repository\org\eclipse\jetty\jetty-util-ajax\9.4.39.v20210325\jetty-util-ajax-9.4.39.v20210325.jar;D:\DevInformatique\environnement\maven\repository\org\eclipse\jetty\jetty-webapp\9.4.39.v20210325\jetty-webapp-9.4.39.v20210325.jar;D:\DevInformatique\environnement\maven\repository\org\eclipse\jetty\jetty-xml\9.4.39.v20210325\jetty-xml-9.4.39.v20210325.jar;D:\DevInformatique\environnement\maven\repository\org\eclipse\jetty\jetty-util\9.4.39.v20210325\jetty-util-9.4.39.v20210325.jar;D:\DevInformatique\environnement\maven\repository\org\apache\commons\commons-lang3\3.11\commons-lang3-3.11.jar;D:\DevInformatique\environnement\maven\repository\commons-io\commons-io\2.6\commons-io-2.6.jar;D:\DevInformatique\environnement\maven\repository\org\apache\maven\maven-project\2.2.1\maven-project-2.2.1.jar;D:\DevInformatique\environnement\maven\repository\org\apache\maven\maven-profile\2.2.1\maven-profile-2.2.1.jar;D:\DevInformatique\environnement\maven\repository\org\apache\maven\maven-artifact-manager\2.2.1\maven-artifact-manager-2.2.1.jar;D:\DevInformatique\environnement\maven\repository\backport-util-concurrent\backport-util-concurrent\3.1\backport-util-concurrent-3.1.jar;D:\DevInformatique\environnement\maven\repository\org\apache\maven\maven-plugin-registry\2.2.1\maven-plugin-registry-2.2.1.jar;D:\DevInformatique\environnement\maven\repository\org\codehaus\plexus\plexus-interpolation\1.11\plexus-interpolation-1.11.jar;D:\DevInformatique\environnement\maven\repository\org\codehaus\plexus\plexus-container-default\1.0-alpha-9-stable-1\plexus-container-default-1.0-alpha-9-stable-1.jar;D:\DevInformatique\environnement\maven\repository\classworlds\classworlds\1.1-alpha-2\classworlds-1.1-alpha-2.jar;D:\DevInformatique\environnement\maven\repository\org\apache\maven\doxia\doxia-site-renderer\1.9.2\doxia-site-renderer-1.9.2.jar;D:\DevInformatique\environnement\maven\repository\org\apache\maven\doxia\doxia-logging-api\1.9.1\doxia-logging-api-1.9.1.jar;D:\DevInformatique\environnement\maven\repository\org\apache\maven\doxia\doxia-skin-model\1.9.2\doxia-skin-model-1.9.2.jar;D:\DevInformatique\environnement\maven\repository\org\codehaus\plexus\plexus-component-annotations\2.0.0\plexus-component-annotations-2.0.0.jar;D:\DevInformatique\environnement\maven\repository\org\codehaus\plexus\plexus-velocity\1.2\plexus-velocity-1.2.jar;D:\DevInformatique\environnement\maven\repository\org\apache\velocity\velocity\1.7\velocity-1.7.jar;D:\DevInformatique\environnement\maven\repository\org\apache\velocity\velocity-tools\2.0\velocity-tools-2.0.jar;D:\DevInformatique\environnement\maven\repository\commons-logging\commons-logging\1.1\commons-logging-1.1.jar;D:\DevInformatique\environnement\maven\repository\dom4j\dom4j\1.1\dom4j-1.1.jar;D:\DevInformatique\environnement\maven\repository\oro\oro\2.0.8\oro-2.0.8.jar;D:\DevInformatique\environnement\maven\repository\commons-collections\commons-collections\3.2.2\commons-collections-3.2.2.jar;D:\DevInformatique\environnement\maven\repository\org\jacoco\jacoco-maven-plugin\0.8.7\jacoco-maven-plugin-0.8.7.jar;D:\DevInformatique\environnement\maven\repository\org\apache\maven\shared\file-management\1.2.1\file-management-1.2.1.jar;D:\DevInformatique\environnement\maven\repository\org\jacoco\org.jacoco.agent\0.8.7\org.jacoco.agent-0.8.7-runtime.jar;D:\DevInformatique\environnement\maven\repository\org\jacoco\org.jacoco.core\0.8.7\org.jacoco.core-0.8.7.jar;D:\DevInformatique\environnement\maven\repository\org\jacoco\org.jacoco.report\0.8.7\org.jacoco.report-0.8.7.jar;D:\DevInformatique\environnement\maven\repository\com\github\spotbugs\spotbugs-maven-plugin\4.1.4\spotbugs-maven-plugin-4.1.4.jar;D:\DevInformatique\environnement\maven\repository\com\github\spotbugs\spotbugs\4.1.4\spotbugs-4.1.4.jar;D:\DevInformatique\environnement\maven\repository\org\apache\bcel\bcel\6.5.0\bcel-6.5.0.jar;D:\DevInformatique\environnement\maven\repository\net\jcip\jcip-annotations\1.0\jcip-annotations-1.0.jar;D:\DevInformatique\environnement\maven\repository\org\apache\commons\commons-text\1.9\commons-text-1.9.jar;D:\DevInformatique\environnement\maven\repository\com\github\spotbugs\spotbugs-annotations\4.1.4\spotbugs-annotations-4.1.4.jar;D:\DevInformatique\environnement\maven\repository\com\google\code\findbugs\jsr305\3.0.2\jsr305-3.0.2.jar;D:\DevInformatique\environnement\maven\repository\org\json\json\20200518\json-20200518.jar;D:\DevInformatique\environnement\maven\repository\jaxen\jaxen\1.2.0\jaxen-1.2.0.jar;D:\DevInformatique\environnement\maven\repository\net\sf\saxon\Saxon-HE\10.2\Saxon-HE-10.2.jar;D:\DevInformatique\environnement\maven\repository\org\slf4j\jcl-over-slf4j\1.7.30\jcl-over-slf4j-1.7.30.jar;D:\DevInformatique\environnement\maven\repository\org\slf4j\slf4j-simple\1.7.30\slf4j-simple-1.7.30.jar;D:\DevInformatique\environnement\maven\repository\org\apache\ant\ant\1.10.9\ant-1.10.9.jar;D:\DevInformatique\environnement\maven\repository\org\apache\ant\ant-launcher\1.10.9\ant-launcher-1.10.9.jar;D:\DevInformatique\environnement\maven\repository\org\codehaus\groovy\groovy\3.0.6\groovy-3.0.6-indy.jar;D:\DevInformatique\environnement\maven\repository\org\codehaus\groovy\groovy-ant\3.0.6\groovy-ant-3.0.6-indy.jar;D:\DevInformatique\environnement\maven\repository\org\codehaus\groovy\groovy-dateutil\3.0.6\groovy-dateutil-3.0.6-indy.jar;D:\DevInformatique\environnement\maven\repository\org\codehaus\groovy\groovy-docgenerator\3.0.6\groovy-docgenerator-3.0.6-indy.jar;D:\DevInformatique\environnement\maven\repository\com\thoughtworks\qdox\qdox\1.12.1\qdox-1.12.1.jar;D:\DevInformatique\environnement\maven\repository\org\codehaus\groovy\groovy-groovydoc\3.0.6\groovy-groovydoc-3.0.6-indy.jar;D:\DevInformatique\environnement\maven\repository\com\github\javaparser\javaparser-core\3.16.1\javaparser-core-3.16.1.jar;D:\DevInformatique\environnement\maven\repository\org\codehaus\groovy\groovy-templates\3.0.6\groovy-templates-3.0.6-indy.jar;D:\DevInformatique\environnement\maven\repository\org\codehaus\groovy\groovy-xml\3.0.6\groovy-xml-3.0.6-indy.jar;D:\DevInformatique\environnement\maven\repository\org\apache\maven\reporting\maven-reporting-impl\3.0.0\maven-reporting-impl-3.0.0.jar;D:\DevInformatique\environnement\maven\repository\org\apache\maven\shared\maven-artifact-transfer\0.12.0\maven-artifact-transfer-0.12.0.jar;D:\DevInformatique\environnement\maven\repository\commons-beanutils\commons-beanutils\1.9.4\commons-beanutils-1.9.4.jar;D:\DevInformatique\environnement\maven\repository\commons-chain\commons-chain\1.2\commons-chain-1.2.jar;D:\DevInformatique\environnement\maven\repository\commons-codec\commons-codec\1.15\commons-codec-1.15.jar;D:\DevInformatique\environnement\maven\repository\commons-digester\commons-digester\2.1\commons-digester-2.1.jar;D:\DevInformatique\environnement\maven\repository\org\codehaus\plexus\plexus-resources\1.1.0\plexus-resources-1.1.0.jar;D:\DevInformatique\environnement\maven\repository\org\ow2\asm\asm\9.0\asm-9.0.jar;D:\DevInformatique\environnement\maven\repository\org\ow2\asm\asm-analysis\9.0\asm-analysis-9.0.jar;D:\DevInformatique\environnement\maven\repository\org\ow2\asm\asm-commons\9.0\asm-commons-9.0.jar;D:\DevInformatique\environnement\maven\repository\org\ow2\asm\asm-tree\9.0\asm-tree-9.0.jar;D:\DevInformatique\environnement\maven\repository\org\ow2\asm\asm-util\9.0\asm-util-9.0.jar;D:\DevInformatique\environnement\maven\repository\org\apache\maven\plugins\maven-assembly-plugin\3.0.0\maven-assembly-plugin-3.0.0.jar;D:\DevInformatique\environnement\maven\repository\org\apache\maven\shared\maven-common-artifact-filters\3.0.1\maven-common-artifact-filters-3.0.1.jar;D:\DevInformatique\environnement\maven\repository\org\apache\maven\shared\maven-shared-io\3.0.0\maven-shared-io-3.0.0.jar;D:\DevInformatique\environnement\maven\repository\org\apache\maven\maven-compat\3.0\maven-compat-3.0.jar;D:\DevInformatique\environnement\maven\repository\org\apache\maven\shared\maven-filtering\3.1.1\maven-filtering-3.1.1.jar;D:\DevInformatique\environnement\maven\repository\org\sonatype\plexus\plexus-build-api\0.0.7\plexus-build-api-0.0.7.jar;D:\DevInformatique\environnement\maven\repository\org\codehaus\plexus\plexus-io\2.7.1\plexus-io-2.7.1.jar;D:\DevInformatique\environnement\maven\repository\org\apache\maven\plugins\maven-surefire-plugin\3.0.0-M5\maven-surefire-plugin-3.0.0-M5.jar;D:\DevInformatique\environnement\maven\repository\org\apache\maven\surefire\maven-surefire-common\3.0.0-M5\maven-surefire-common-3.0.0-M5.jar;D:\DevInformatique\environnement\maven\repository\org\apache\maven\surefire\surefire-api\3.0.0-M5\surefire-api-3.0.0-M5.jar;D:\DevInformatique\environnement\maven\repository\org\apache\maven\surefire\surefire-extensions-api\3.0.0-M5\surefire-extensions-api-3.0.0-M5.jar;D:\DevInformatique\environnement\maven\repository\org\apache\maven\surefire\surefire-booter\3.0.0-M5\surefire-booter-3.0.0-M5.jar;D:\DevInformatique\environnement\maven\repository\org\apache\maven\surefire\surefire-extensions-spi\3.0.0-M5\surefire-extensions-spi-3.0.0-M5.jar;D:\DevInformatique\environnement\maven\repository\org\apache\maven\maven-toolchain\3.0-alpha-2\maven-toolchain-3.0-alpha-2.jar;D:\DevInformatique\environnement\maven\repository\org\codehaus\plexus\plexus-java\1.0.5\plexus-java-1.0.5.jar;D:\DevInformatique\environnement\maven\repository\org\apache\maven\surefire\surefire-shared-utils\3.0.0-M4\surefire-shared-utils-3.0.0-M4.jar;D:\DevInformatique\environnement\maven\repository\org\apache\maven\plugins\maven-surefire-report-plugin\3.0.0-M5\maven-surefire-report-plugin-3.0.0-M5.jar;D:\DevInformatique\environnement\maven\repository\org\apache\maven\surefire\surefire-report-parser\3.0.0-M5\surefire-report-parser-3.0.0-M5.jar;D:\DevInformatique\environnement\maven\repository\org\apache\maven\surefire\surefire-logger-api\3.0.0-M5\surefire-logger-api-3.0.0-M5.jar;D:\DevInformatique\environnement\maven\repository\commons-lang\commons-lang\2.6\commons-lang-2.6.jar;D:\DevInformatique\environnement\maven\repository\org\springframework\security\spring-security-test\5.5.1\spring-security-test-5.5.1.jar;"/>
    <property name="sun.cpu.endian" value="little"/>
    <property name="user.home" value="C:\Users\Hodor-Fixe"/>
    <property name="user.language" value="fr"/>
    <property name="java.specification.vendor" value="Oracle Corporation"/>
    <property name="java.version.date" value="2021-09-14"/>
    <property name="java.home" value="C:\Program Files\Java\jdk-17"/>
    <property name="file.separator" value="\"/>
    <property name="basedir" value="D:\DevInformatique\_OpenClasseRoom_DeveloppeurApllicationJava\P7_aulombard_geoffrey\Poseidon"/>
    <property name="java.vm.compressedOopsMode" value="Zero based"/>
    <property name="line.separator" value="&#10;"/>
    <property name="java.vm.specification.vendor" value="Oracle Corporation"/>
    <property name="java.specification.name" value="Java Platform API Specification"/>
    <property name="surefire.real.class.path" value="C:\Users\HODOR-~1\AppData\Local\Temp\surefire13392704136947457516\surefirebooter3042975151633983106.jar"/>
    <property name="user.script" value=""/>
    <property name="sun.management.compiler" value="HotSpot 64-Bit Tiered Compilers"/>
    <property name="java.runtime.version" value="17+35-LTS-2724"/>
    <property name="user.name" value="Hodor-Fixe"/>
    <property name="path.separator" value=";"/>
    <property name="os.version" value="10.0"/>
    <property name="java.runtime.name" value="Java(TM) SE Runtime Environment"/>
    <property name="file.encoding" value="Cp1252"/>
    <property name="java.vm.name" value="Java HotSpot(TM) 64-Bit Server VM"/>
    <property name="localRepository" value="D:\DevInformatique\environnement\maven\repository"/>
    <property name="java.vendor.url.bug" value="https://bugreport.java.com/bugreport/"/>
    <property name="java.io.tmpdir" value="C:\Users\HODOR-~1\AppData\Local\Temp\"/>
    <property name="java.version" value="17"/>
    <property name="user.dir" value="D:\DevInformatique\_OpenClasseRoom_DeveloppeurApllicationJava\P7_aulombard_geoffrey\Poseidon"/>
    <property name="os.arch" value="amd64"/>
    <property name="java.vm.specification.name" value="Java Virtual Machine Specification"/>
    <property name="sun.os.patch.level" value=""/>
    <property name="native.encoding" value="Cp1252"/>
    <property name="java.library.path" value="C:\Program Files\Java\jdk-17\bin;C:\Windows\Sun\Java\bin;C:\Windows\system32;C:\Windows;C:\Program Files\Common Files\Oracle\Java\javapath;C:\ProgramData\DockerDesktop\version-bin;C:\Program Files\Docker\Docker\Resources\bin;C:\Program Files (x86)\Common Files\Oracle\Java\javapath;C:\Program Files\OpenJDK\jdk-11.0.11.9-hotspot\bin;C:\Windows\system32;C:\Windows;C:\Windows\System32\Wbem;C:\Windows\System32\WindowsPowerShell\v1.0\;C:\Program Files (x86)\Intel\Intel(R) Management Engine Components\DAL;C:\Program Files\Intel\Intel(R) Management Engine Components\DAL;C:\Program Files\Git\cmd;C:\Program Files (x86)\NVIDIA Corporation\PhysX\Common;C:\Program Files (x86)\Common Files\Oracle\Java\javapath;C:\Program Files\Java\jdk-17\bin;C:\Windows\system32;C:\Windows;C:\Windows\System32\Wbem;C:\Windows\System32\WindowsPowerShell\v1.0\;C:\Program Files (x86)\Intel\Intel(R) Management Engine Components\DAL;C:\Program Files\Intel\Intel(R) Management Engine Components\DAL;C:\Program Files\Git\cmd;C:\Program Files (x86)\NVIDIA Corporation\PhysX\Common;C:\Program Files\MySQL\MySQL Shell 8.0\bin\;C:\Users\Hodor-Fixe\AppData\Local\Microsoft\WindowsApps;C:\Users\Hodor-Fixe\AppData\Local\GitHubDesktop\bin;D:\Program Files (x86)\Microsoft VS Code\bin;D:\DevInformatique\environnement\maven\apache-maven-3.6.3\bin;."/>
    <property name="java.vm.info" value="mixed mode, sharing"/>
    <property name="java.vendor" value="Oracle Corporation"/>
    <property name="java.vm.version" value="17+35-LTS-2724"/>
    <property name="sun.io.unicode.encoding" value="UnicodeLittle"/>
    <property name="java.class.version" value="61.0"/>
  </properties>
  <testcase name="test_findAll" classname="com.nnk.springboot.services.RuleNameServiceTest" time="0.006"/>
  <testcase name="test_findById" classname="com.nnk.springboot.services.RuleNameServiceTest" time="0.026"/>
  <testcase name="test_deleteById_shouldThrowsNotFoundException" classname="com.nnk.springboot.services.RuleNameServiceTest" time="0.007"/>
  <testcase name="test_save" classname="com.nnk.springboot.services.RuleNameServiceTest" time="0.005"/>
  <testcase name="test_findById_shouldThrowNotFoundException" classname="com.nnk.springboot.services.RuleNameServiceTest" time="0.025"/>
  <testcase name="test_deleteById" classname="com.nnk.springboot.services.RuleNameServiceTest" time="0.006"/>
</testsuite>